<?xml version="1.0" encoding="UTF-8"?>
<testsuite name="uk.co.huntersix.spring.rest.controller.PersonControllerTest" tests="1" skipped="0" failures="0" errors="0" timestamp="2020-07-20T23:08:15" hostname="Kemals-MacBook-Pro.local" time="0.076">
  <properties/>
  <testcase name="shouldReturnPersonFromService" classname="uk.co.huntersix.spring.rest.controller.PersonControllerTest" time="0.076"/>
  <system-out><![CDATA[2020-07-21 00:08:15.039  INFO 25917 --- [    Test worker] .b.t.a.w.s.WebMvcTestContextBootstrapper : Neither @ContextConfiguration nor @ContextHierarchy found for test class [uk.co.huntersix.spring.rest.controller.PersonControllerTest], using SpringBootContextLoader
2020-07-21 00:08:15.039  INFO 25917 --- [    Test worker] o.s.t.c.support.AbstractContextLoader    : Could not detect default resource locations for test class [uk.co.huntersix.spring.rest.controller.PersonControllerTest]: no resource found for suffixes {-context.xml, Context.groovy}.
2020-07-21 00:08:15.040  INFO 25917 --- [    Test worker] t.c.s.AnnotationConfigContextLoaderUtils : Could not detect default configuration classes for test class [uk.co.huntersix.spring.rest.controller.PersonControllerTest]: PersonControllerTest does not declare any static, non-private, non-final, nested classes annotated with @Configuration.
2020-07-21 00:08:15.055  INFO 25917 --- [    Test worker] .b.t.c.SpringBootTestContextBootstrapper : Found @SpringBootConfiguration uk.co.huntersix.spring.rest.Application for test class uk.co.huntersix.spring.rest.controller.PersonControllerTest
2020-07-21 00:08:15.055  INFO 25917 --- [    Test worker] .b.t.a.w.s.WebMvcTestContextBootstrapper : Loaded default TestExecutionListener class names from location [META-INF/spring.factories]: [org.springframework.boot.test.autoconfigure.restdocs.RestDocsTestExecutionListener, org.springframework.boot.test.autoconfigure.web.client.MockRestServiceServerResetTestExecutionListener, org.springframework.boot.test.autoconfigure.web.servlet.MockMvcPrintOnlyOnFailureTestExecutionListener, org.springframework.boot.test.autoconfigure.web.servlet.WebDriverTestExecutionListener, org.springframework.boot.test.mock.mockito.MockitoTestExecutionListener, org.springframework.boot.test.mock.mockito.ResetMocksTestExecutionListener, org.springframework.test.context.web.ServletTestExecutionListener, org.springframework.test.context.support.DirtiesContextBeforeModesTestExecutionListener, org.springframework.test.context.support.DependencyInjectionTestExecutionListener, org.springframework.test.context.support.DirtiesContextTestExecutionListener, org.springframework.test.context.transaction.TransactionalTestExecutionListener, org.springframework.test.context.jdbc.SqlScriptsTestExecutionListener]
2020-07-21 00:08:15.056  INFO 25917 --- [    Test worker] .b.t.a.w.s.WebMvcTestContextBootstrapper : Using TestExecutionListeners: [org.springframework.test.context.web.ServletTestExecutionListener@349115e, org.springframework.test.context.support.DirtiesContextBeforeModesTestExecutionListener@38e26e3, org.springframework.boot.test.mock.mockito.MockitoTestExecutionListener@6bcac80c, org.springframework.boot.test.autoconfigure.SpringBootDependencyInjectionTestExecutionListener@26cd0ead, org.springframework.test.context.support.DirtiesContextTestExecutionListener@6dc528cb, org.springframework.boot.test.autoconfigure.restdocs.RestDocsTestExecutionListener@1f8eb2ae, org.springframework.boot.test.autoconfigure.web.client.MockRestServiceServerResetTestExecutionListener@22b993fb, org.springframework.boot.test.autoconfigure.web.servlet.MockMvcPrintOnlyOnFailureTestExecutionListener@6c4f5967, org.springframework.boot.test.autoconfigure.web.servlet.WebDriverTestExecutionListener@2808b755, org.springframework.boot.test.mock.mockito.ResetMocksTestExecutionListener@42796b38]

  .   ____          _            __ _ _
 /\\ / ___'_ __ _ _(_)_ __  __ _ \ \ \ \
( ( )\___ | '_ | '_| | '_ \/ _` | \ \ \ \
 \\/  ___)| |_)| | | | | || (_| |  ) ) ) )
  '  |____| .__|_| |_|_| |_\__, | / / / /
 =========|_|==============|___/=/_/_/_/
 :: Spring Boot ::        (v2.1.6.RELEASE)

2020-07-21 00:08:15.078  INFO 25917 --- [    Test worker] u.c.h.s.r.c.PersonControllerTest         : Starting PersonControllerTest on Kemals-MacBook-Pro.local with PID 25917 (started by kemal in /Users/kemal/Desktop/cop/java-spring-restful-api-test)
2020-07-21 00:08:15.079  INFO 25917 --- [    Test worker] u.c.h.s.r.c.PersonControllerTest         : No active profile set, falling back to default profiles: default
2020-07-21 00:08:15.595  INFO 25917 --- [    Test worker] o.s.s.concurrent.ThreadPoolTaskExecutor  : Initializing ExecutorService 'applicationTaskExecutor'
2020-07-21 00:08:15.681  INFO 25917 --- [    Test worker] o.s.b.t.m.w.SpringBootMockServletContext : Initializing Spring TestDispatcherServlet ''
2020-07-21 00:08:15.681  INFO 25917 --- [    Test worker] o.s.t.web.servlet.TestDispatcherServlet  : Initializing Servlet ''
2020-07-21 00:08:15.683  INFO 25917 --- [    Test worker] o.s.t.web.servlet.TestDispatcherServlet  : Completed initialization in 2 ms
2020-07-21 00:08:15.696  INFO 25917 --- [    Test worker] u.c.h.s.r.c.PersonControllerTest         : Started PersonControllerTest in 0.638 seconds (JVM running for 4.687)

MockHttpServletRequest:
      HTTP Method = GET
      Request URI = /person/smith/mary
       Parameters = {}
          Headers = []
             Body = <no character encoding set>
    Session Attrs = {}

Handler:
             Type = uk.co.huntersix.spring.rest.controller.PersonController
           Method = public uk.co.huntersix.spring.rest.model.Person uk.co.huntersix.spring.rest.controller.PersonController.person(java.lang.String,java.lang.String)

Async:
    Async started = false
     Async result = null

Resolved Exception:
             Type = null

ModelAndView:
        View name = null
             View = null
            Model = null

FlashMap:
       Attributes = null

MockHttpServletResponse:
           Status = 200
    Error message = null
          Headers = [Content-Type:"application/json;charset=UTF-8"]
     Content type = application/json;charset=UTF-8
             Body = {"id":1,"firstName":"Mary","lastName":"Smith"}
    Forwarded URL = null
   Redirected URL = null
          Cookies = []
]]></system-out>
  <system-err><![CDATA[]]></system-err>
</testsuite>
