<?xml version="1.0" encoding="UTF-8"?>
<testsuite name="uk.co.huntersix.spring.rest.ApplicationTest" tests="1" skipped="0" failures="0" errors="0" timestamp="2020-07-20T23:08:13" hostname="Kemals-MacBook-Pro.local" time="0.191">
  <properties/>
  <testcase name="contextLoads" classname="uk.co.huntersix.spring.rest.ApplicationTest" time="0.191"/>
  <system-out><![CDATA[00:08:11.550 [Test worker] DEBUG org.springframework.test.context.junit4.SpringJUnit4ClassRunner - SpringJUnit4ClassRunner constructor called with [class uk.co.huntersix.spring.rest.ApplicationTest]
00:08:11.558 [Test worker] DEBUG org.springframework.test.context.BootstrapUtils - Instantiating CacheAwareContextLoaderDelegate from class [org.springframework.test.context.cache.DefaultCacheAwareContextLoaderDelegate]
00:08:11.565 [Test worker] DEBUG org.springframework.test.context.BootstrapUtils - Instantiating BootstrapContext using constructor [public org.springframework.test.context.support.DefaultBootstrapContext(java.lang.Class,org.springframework.test.context.CacheAwareContextLoaderDelegate)]
00:08:11.583 [Test worker] DEBUG org.springframework.test.context.BootstrapUtils - Instantiating TestContextBootstrapper for test class [uk.co.huntersix.spring.rest.ApplicationTest] from class [org.springframework.boot.test.context.SpringBootTestContextBootstrapper]
00:08:11.598 [Test worker] INFO org.springframework.boot.test.context.SpringBootTestContextBootstrapper - Neither @ContextConfiguration nor @ContextHierarchy found for test class [uk.co.huntersix.spring.rest.ApplicationTest], using SpringBootContextLoader
00:08:11.602 [Test worker] DEBUG org.springframework.test.context.support.AbstractContextLoader - Did not detect default resource location for test class [uk.co.huntersix.spring.rest.ApplicationTest]: class path resource [uk/co/huntersix/spring/rest/ApplicationTest-context.xml] does not exist
00:08:11.602 [Test worker] DEBUG org.springframework.test.context.support.AbstractContextLoader - Did not detect default resource location for test class [uk.co.huntersix.spring.rest.ApplicationTest]: class path resource [uk/co/huntersix/spring/rest/ApplicationTestContext.groovy] does not exist
00:08:11.603 [Test worker] INFO org.springframework.test.context.support.AbstractContextLoader - Could not detect default resource locations for test class [uk.co.huntersix.spring.rest.ApplicationTest]: no resource found for suffixes {-context.xml, Context.groovy}.
00:08:11.603 [Test worker] INFO org.springframework.test.context.support.AnnotationConfigContextLoaderUtils - Could not detect default configuration classes for test class [uk.co.huntersix.spring.rest.ApplicationTest]: ApplicationTest does not declare any static, non-private, non-final, nested classes annotated with @Configuration.
00:08:11.637 [Test worker] DEBUG org.springframework.test.context.support.ActiveProfilesUtils - Could not find an 'annotation declaring class' for annotation type [org.springframework.test.context.ActiveProfiles] and class [uk.co.huntersix.spring.rest.ApplicationTest]
00:08:11.700 [Test worker] DEBUG org.springframework.context.annotation.ClassPathScanningCandidateComponentProvider - Identified candidate component class: file [/Users/kemal/Desktop/cop/java-spring-restful-api-test/build/classes/java/main/uk/co/huntersix/spring/rest/Application.class]
00:08:11.701 [Test worker] INFO org.springframework.boot.test.context.SpringBootTestContextBootstrapper - Found @SpringBootConfiguration uk.co.huntersix.spring.rest.Application for test class uk.co.huntersix.spring.rest.ApplicationTest
00:08:11.808 [Test worker] DEBUG org.springframework.boot.test.context.SpringBootTestContextBootstrapper - @TestExecutionListeners is not present for class [uk.co.huntersix.spring.rest.ApplicationTest]: using defaults.
00:08:11.809 [Test worker] INFO org.springframework.boot.test.context.SpringBootTestContextBootstrapper - Loaded default TestExecutionListener class names from location [META-INF/spring.factories]: [org.springframework.boot.test.autoconfigure.restdocs.RestDocsTestExecutionListener, org.springframework.boot.test.autoconfigure.web.client.MockRestServiceServerResetTestExecutionListener, org.springframework.boot.test.autoconfigure.web.servlet.MockMvcPrintOnlyOnFailureTestExecutionListener, org.springframework.boot.test.autoconfigure.web.servlet.WebDriverTestExecutionListener, org.springframework.boot.test.mock.mockito.MockitoTestExecutionListener, org.springframework.boot.test.mock.mockito.ResetMocksTestExecutionListener, org.springframework.test.context.web.ServletTestExecutionListener, org.springframework.test.context.support.DirtiesContextBeforeModesTestExecutionListener, org.springframework.test.context.support.DependencyInjectionTestExecutionListener, org.springframework.test.context.support.DirtiesContextTestExecutionListener, org.springframework.test.context.transaction.TransactionalTestExecutionListener, org.springframework.test.context.jdbc.SqlScriptsTestExecutionListener]
00:08:11.818 [Test worker] DEBUG org.springframework.boot.test.context.SpringBootTestContextBootstrapper - Skipping candidate TestExecutionListener [org.springframework.test.context.transaction.TransactionalTestExecutionListener] due to a missing dependency. Specify custom listener classes or make the default listener classes and their required dependencies available. Offending class: [org/springframework/transaction/interceptor/TransactionAttributeSource]
00:08:11.819 [Test worker] DEBUG org.springframework.boot.test.context.SpringBootTestContextBootstrapper - Skipping candidate TestExecutionListener [org.springframework.test.context.jdbc.SqlScriptsTestExecutionListener] due to a missing dependency. Specify custom listener classes or make the default listener classes and their required dependencies available. Offending class: [org/springframework/transaction/interceptor/TransactionAttribute]
00:08:11.819 [Test worker] INFO org.springframework.boot.test.context.SpringBootTestContextBootstrapper - Using TestExecutionListeners: [org.springframework.test.context.web.ServletTestExecutionListener@4ba930e2, org.springframework.test.context.support.DirtiesContextBeforeModesTestExecutionListener@681a0cd6, org.springframework.boot.test.mock.mockito.MockitoTestExecutionListener@55df1df0, org.springframework.boot.test.autoconfigure.SpringBootDependencyInjectionTestExecutionListener@38fde192, org.springframework.test.context.support.DirtiesContextTestExecutionListener@3ad1f84f, org.springframework.boot.test.autoconfigure.restdocs.RestDocsTestExecutionListener@2152f7f, org.springframework.boot.test.autoconfigure.web.client.MockRestServiceServerResetTestExecutionListener@2f088250, org.springframework.boot.test.autoconfigure.web.servlet.MockMvcPrintOnlyOnFailureTestExecutionListener@78ae0752, org.springframework.boot.test.autoconfigure.web.servlet.WebDriverTestExecutionListener@4d889b88, org.springframework.boot.test.mock.mockito.ResetMocksTestExecutionListener@664d2b91]
00:08:11.822 [Test worker] DEBUG org.springframework.test.annotation.ProfileValueUtils - Retrieved @ProfileValueSourceConfiguration [null] for test class [uk.co.huntersix.spring.rest.ApplicationTest]
00:08:11.822 [Test worker] DEBUG org.springframework.test.annotation.ProfileValueUtils - Retrieved ProfileValueSource type [class org.springframework.test.annotation.SystemProfileValueSource] for class [uk.co.huntersix.spring.rest.ApplicationTest]
00:08:11.823 [Test worker] DEBUG org.springframework.test.annotation.ProfileValueUtils - Retrieved @ProfileValueSourceConfiguration [null] for test class [uk.co.huntersix.spring.rest.ApplicationTest]
00:08:11.823 [Test worker] DEBUG org.springframework.test.annotation.ProfileValueUtils - Retrieved ProfileValueSource type [class org.springframework.test.annotation.SystemProfileValueSource] for class [uk.co.huntersix.spring.rest.ApplicationTest]
00:08:11.826 [Test worker] DEBUG org.springframework.test.context.support.AbstractDirtiesContextTestExecutionListener - Before test class: context [DefaultTestContext@560a2249 testClass = ApplicationTest, testInstance = [null], testMethod = [null], testException = [null], mergedContextConfiguration = [WebMergedContextConfiguration@269fc7a testClass = ApplicationTest, locations = '{}', classes = '{class uk.co.huntersix.spring.rest.Application}', contextInitializerClasses = '[]', activeProfiles = '{}', propertySourceLocations = '{}', propertySourceProperties = '{org.springframework.boot.test.context.SpringBootTestContextBootstrapper=true}', contextCustomizers = set[org.springframework.boot.test.autoconfigure.properties.PropertyMappingContextCustomizer@0, org.springframework.boot.test.autoconfigure.web.servlet.WebDriverContextCustomizerFactory$Customizer@35f2113a, org.springframework.boot.test.context.filter.ExcludeFilterContextCustomizer@6a56d923, org.springframework.boot.test.json.DuplicateJsonObjectContextCustomizerFactory$DuplicateJsonObjectContextCustomizer@19e92372, org.springframework.boot.test.mock.mockito.MockitoContextCustomizer@0, org.springframework.boot.test.web.client.TestRestTemplateContextCustomizer@75115bba], resourceBasePath = 'src/main/webapp', contextLoader = 'org.springframework.boot.test.context.SpringBootContextLoader', parent = [null]], attributes = map['org.springframework.test.context.web.ServletTestExecutionListener.activateListener' -> true]], class annotated with @DirtiesContext [false] with mode [null].
00:08:11.827 [Test worker] DEBUG org.springframework.test.annotation.ProfileValueUtils - Retrieved @ProfileValueSourceConfiguration [null] for test class [uk.co.huntersix.spring.rest.ApplicationTest]
00:08:11.827 [Test worker] DEBUG org.springframework.test.annotation.ProfileValueUtils - Retrieved ProfileValueSource type [class org.springframework.test.annotation.SystemProfileValueSource] for class [uk.co.huntersix.spring.rest.ApplicationTest]
00:08:11.845 [Test worker] DEBUG org.springframework.test.context.support.TestPropertySourceUtils - Adding inlined properties to environment: {spring.jmx.enabled=false, org.springframework.boot.test.context.SpringBootTestContextBootstrapper=true, server.port=-1}

  .   ____          _            __ _ _
 /\\ / ___'_ __ _ _(_)_ __  __ _ \ \ \ \
( ( )\___ | '_ | '_| | '_ \/ _` | \ \ \ \
 \\/  ___)| |_)| | | | | || (_| |  ) ) ) )
  '  |____| .__|_| |_|_| |_\__, | / / / /
 =========|_|==============|___/=/_/_/_/
 :: Spring Boot ::        (v2.1.6.RELEASE)

2020-07-21 00:08:12.251  INFO 25917 --- [    Test worker] u.c.h.spring.rest.ApplicationTest        : Starting ApplicationTest on Kemals-MacBook-Pro.local with PID 25917 (started by kemal in /Users/kemal/Desktop/cop/java-spring-restful-api-test)
2020-07-21 00:08:12.253  INFO 25917 --- [    Test worker] u.c.h.spring.rest.ApplicationTest        : No active profile set, falling back to default profiles: default
2020-07-21 00:08:13.523  INFO 25917 --- [    Test worker] o.s.s.concurrent.ThreadPoolTaskExecutor  : Initializing ExecutorService 'applicationTaskExecutor'
2020-07-21 00:08:13.753  INFO 25917 --- [    Test worker] u.c.h.spring.rest.ApplicationTest        : Started ApplicationTest in 1.901 seconds (JVM running for 2.744)
]]></system-out>
  <system-err><![CDATA[]]></system-err>
</testsuite>
