<?xml version="1.0" encoding="UTF-8"?>
<testsuite name="uk.co.huntersix.spring.rest.controller.SmokeTest" tests="1" skipped="0" failures="0" errors="0" timestamp="2020-07-20T23:08:15" hostname="Kemals-MacBook-Pro.local" time="0.002">
  <properties/>
  <testcase name="contexLoads" classname="uk.co.huntersix.spring.rest.controller.SmokeTest" time="0.002"/>
  <system-out><![CDATA[2020-07-21 00:08:15.023  INFO 25917 --- [    Test worker] .b.t.c.SpringBootTestContextBootstrapper : Neither @ContextConfiguration nor @ContextHierarchy found for test class [uk.co.huntersix.spring.rest.controller.SmokeTest], using SpringBootContextLoader
2020-07-21 00:08:15.024  INFO 25917 --- [    Test worker] o.s.t.c.support.AbstractContextLoader    : Could not detect default resource locations for test class [uk.co.huntersix.spring.rest.controller.SmokeTest]: no resource found for suffixes {-context.xml, Context.groovy}.
2020-07-21 00:08:15.024  INFO 25917 --- [    Test worker] t.c.s.AnnotationConfigContextLoaderUtils : Could not detect default configuration classes for test class [uk.co.huntersix.spring.rest.controller.SmokeTest]: SmokeTest does not declare any static, non-private, non-final, nested classes annotated with @Configuration.
2020-07-21 00:08:15.025  INFO 25917 --- [    Test worker] .b.t.c.SpringBootTestContextBootstrapper : Found @SpringBootConfiguration uk.co.huntersix.spring.rest.Application for test class uk.co.huntersix.spring.rest.controller.SmokeTest
2020-07-21 00:08:15.026  INFO 25917 --- [    Test worker] .b.t.c.SpringBootTestContextBootstrapper : Loaded default TestExecutionListener class names from location [META-INF/spring.factories]: [org.springframework.boot.test.autoconfigure.restdocs.RestDocsTestExecutionListener, org.springframework.boot.test.autoconfigure.web.client.MockRestServiceServerResetTestExecutionListener, org.springframework.boot.test.autoconfigure.web.servlet.MockMvcPrintOnlyOnFailureTestExecutionListener, org.springframework.boot.test.autoconfigure.web.servlet.WebDriverTestExecutionListener, org.springframework.boot.test.mock.mockito.MockitoTestExecutionListener, org.springframework.boot.test.mock.mockito.ResetMocksTestExecutionListener, org.springframework.test.context.web.ServletTestExecutionListener, org.springframework.test.context.support.DirtiesContextBeforeModesTestExecutionListener, org.springframework.test.context.support.DependencyInjectionTestExecutionListener, org.springframework.test.context.support.DirtiesContextTestExecutionListener, org.springframework.test.context.transaction.TransactionalTestExecutionListener, org.springframework.test.context.jdbc.SqlScriptsTestExecutionListener]
2020-07-21 00:08:15.027  INFO 25917 --- [    Test worker] .b.t.c.SpringBootTestContextBootstrapper : Using TestExecutionListeners: [org.springframework.test.context.web.ServletTestExecutionListener@dc7647b, org.springframework.test.context.support.DirtiesContextBeforeModesTestExecutionListener@41ae4f76, org.springframework.boot.test.mock.mockito.MockitoTestExecutionListener@38795268, org.springframework.boot.test.autoconfigure.SpringBootDependencyInjectionTestExecutionListener@4a96ec4, org.springframework.test.context.support.DirtiesContextTestExecutionListener@32fb3696, org.springframework.boot.test.autoconfigure.restdocs.RestDocsTestExecutionListener@11d0a40, org.springframework.boot.test.autoconfigure.web.client.MockRestServiceServerResetTestExecutionListener@7385e219, org.springframework.boot.test.autoconfigure.web.servlet.MockMvcPrintOnlyOnFailureTestExecutionListener@3c156de3, org.springframework.boot.test.autoconfigure.web.servlet.WebDriverTestExecutionListener@5731b371, org.springframework.boot.test.mock.mockito.ResetMocksTestExecutionListener@3e17ecdd]
]]></system-out>
  <system-err><![CDATA[]]></system-err>
</testsuite>
